[35m[Appium][39m Welcome to Appium v1.22.3
[35m[Appium][39m Non-default server args:
[35m[Appium][39m   port: 58623
[35m[Appium][39m   loglevel: info
[35m[Appium][39m   tmpDir: C:\Users\Mega\AppData\Local\Temp\\Katalon\Appium\Temp1717503994636
[35m[Appium][39m Appium REST http interface listener started on 0.0.0.0:58623
[35m[HTTP][39m [37m-->[39m [37mGET[39m [37m/wd/hub/status[39m
[35m[HTTP][39m [90m{}[39m
[35m[HTTP][39m [37m<-- GET /wd/hub/status [39m[32m200[39m [90m8 ms - 68[39m
[35m[HTTP][39m [90m[39m
[35m[HTTP][39m [37m-->[39m [37mGET[39m [37m/wd/hub/status[39m
[35m[HTTP][39m [90m{}[39m
[35m[HTTP][39m [37m<-- GET /wd/hub/status [39m[32m200[39m [90m2 ms - 68[39m
[35m[HTTP][39m [90m[39m
[35m[HTTP][39m [37m-->[39m [37mPOST[39m [37m/wd/hub/session[39m
[35m[HTTP][39m [90m{"desiredCapabilities":{"appActivity":".Settings","appPackage":"com.android.settings","newCommandTimeout":1800,"platformVersion":"10","automationName":"uiautomator2","autoGrantPermissions":true,"platformName":"Android","udid":"793bcab30504","deviceName":"Xiaomi Redmi Note 4 (Android 10)","systemPort":8273},"capabilities":{"firstMatch":[{"appium:appActivity":".Settings","appium:appPackage":"com.android.settings","appium:autoGrantPermissions":true,"appium:automationName":"uiautomator2","appium:deviceName":"Xiaomi Redmi Note 4 (Android 10)","appium:newCommandTimeout":1800,"platformName":"android","appium:platformVersion":"10","appium:systemPort":8273,"appium:udid":"793bcab30504"}]}}[39m
[35m[Appium][39m Appium v1.22.3 creating new AndroidUiautomator2Driver (v1.70.1) session
[35m[BaseDriver][39m Session created with session id: f2ef7e47-f85e-4068-b23e-61c9a39fa5ce
[35m[UiAutomator2][39m Starting 'com.android.settings' directly on the device
[35m[ADB][39m Found 1 'build-tools' folders under 'C:\Users\Mega\.katalon\tools\android_sdk' (newest first):
[35m[ADB][39m     C:/Users/Mega/.katalon/tools/android_sdk/build-tools/29.0.3
[35m[ADB][39m Using 'adb.exe' from 'C:\Users\Mega\.katalon\tools\android_sdk\platform-tools\adb.exe'
[35m[AndroidDriver][39m Retrieving device list
[35m[AndroidDriver][39m Using device: 793bcab30504
[35m[ADB][39m Using 'adb.exe' from 'C:\Users\Mega\.katalon\tools\android_sdk\platform-tools\adb.exe'
[35m[ADB][39m Getting device platform version
[35m[UiAutomator2][39m Relaxing hidden api policy
[35m[AndroidDriver][39m No app sent in, not parsing package/activity
[35m[ADB][39m Using 'apksigner.jar' from 'C:\Users\Mega\.katalon\tools\android_sdk\build-tools\29.0.3\lib\apksigner.jar'
[35m[ADB][39m 'C:\Users\Mega\AppData\Roaming\npm\node_modules\appium\node_modules\appium-uiautomator2-server\apks\appium-uiautomator2-server-v4.27.0.apk' is signed with the default certificate
[35m[ADB][39m 'C:\Users\Mega\AppData\Roaming\npm\node_modules\appium\node_modules\appium-uiautomator2-server\apks\appium-uiautomator2-server-debug-androidTest.apk' is signed with the default certificate
[35m[UiAutomator2][39m Server packages are not going to be (re)installed
[35m[ADB][39m Adding packages ["io.appium.settings","io.appium.uiautomator2.server","io.appium.uiautomator2.server.test"] to Doze whitelist
[35m[UiAutomator2][39m Starting UIAutomator2 server 4.27.0
[35m[UiAutomator2][39m Using UIAutomator2 server from 'C:\Users\Mega\AppData\Roaming\npm\node_modules\appium\node_modules\appium-uiautomator2-server\apks\appium-uiautomator2-server-v4.27.0.apk' and test from 'C:\Users\Mega\AppData\Roaming\npm\node_modules\appium\node_modules\appium-uiautomator2-server\apks\appium-uiautomator2-server-debug-androidTest.apk'
[35m[UiAutomator2][39m Waiting up to 30000ms for UiAutomator2 to be online...
[35m[WD Proxy][39m socket hang up
[35m[WD Proxy][39m socket hang up
[35m[WD Proxy][39m socket hang up
[35m[WD Proxy][39m socket hang up
[35m[WD Proxy][39m Determined the downstream protocol as 'W3C'
[35m[AndroidDriver][39m Screen already unlocked, doing nothing
[35m[UiAutomator2][39m Starting 'com.android.settings/.Settings and waiting for 'com.android.settings/.Settings'
[35m[Appium][39m New AndroidUiautomator2Driver session created successfully, session f2ef7e47-f85e-4068-b23e-61c9a39fa5ce added to master session list
[35m[HTTP][39m [37m<-- POST /wd/hub/session [39m[32m200[39m [90m11840 ms - 1095[39m
[35m[HTTP][39m [90m[39m
[35m[HTTP][39m [37m-->[39m [37mGET[39m [37m/wd/hub/session/f2ef7e47-f85e-4068-b23e-61c9a39fa5ce[39m
[35m[HTTP][39m [90m{}[39m
[35m[HTTP][39m [37m<-- GET /wd/hub/session/f2ef7e47-f85e-4068-b23e-61c9a39fa5ce [39m[32m200[39m [90m23 ms - 1049[39m
[35m[HTTP][39m [90m[39m
[35m[HTTP][39m [37m-->[39m [37mGET[39m [37m/wd/hub/session/f2ef7e47-f85e-4068-b23e-61c9a39fa5ce[39m
[35m[HTTP][39m [90m{}[39m
[35m[HTTP][39m [37m<-- GET /wd/hub/session/f2ef7e47-f85e-4068-b23e-61c9a39fa5ce [39m[32m200[39m [90m24 ms - 1049[39m
[35m[HTTP][39m [90m[39m
[35m[HTTP][39m [37m-->[39m [37mGET[39m [37m/wd/hub/status[39m
[35m[HTTP][39m [90m{}[39m
[35m[HTTP][39m [37m<-- GET /wd/hub/status [39m[32m200[39m [90m1 ms - 68[39m
[35m[HTTP][39m [90m[39m
[35m[HTTP][39m [37m-->[39m [37mPOST[39m [37m/wd/hub/session/f2ef7e47-f85e-4068-b23e-61c9a39fa5ce/timeouts[39m
[35m[HTTP][39m [90m{"implicit":60000}[39m
[35m[HTTP][39m [37m<-- POST /wd/hub/session/f2ef7e47-f85e-4068-b23e-61c9a39fa5ce/timeouts [39m[32m200[39m [90m4 ms - 14[39m
[35m[HTTP][39m [90m[39m
[35m[HTTP][39m [37m-->[39m [37mGET[39m [37m/wd/hub/session/f2ef7e47-f85e-4068-b23e-61c9a39fa5ce/appium/device/system_bars[39m
[35m[HTTP][39m [90m{}[39m
[35m[HTTP][39m [37m<-- GET /wd/hub/session/f2ef7e47-f85e-4068-b23e-61c9a39fa5ce/appium/device/system_bars [39m[31m500[39m [90m258 ms - 645[39m
[35m[HTTP][39m [90m[39m
[35m[HTTP][39m [37m-->[39m [37mPOST[39m [37m/wd/hub/session/f2ef7e47-f85e-4068-b23e-61c9a39fa5ce/execute/sync[39m
[35m[HTTP][39m [90m{"script":"mobile:viewportRect","args":[]}[39m
[35m[AndroidDriver][39m Executing native command 'mobile:viewportRect'
[35m[HTTP][39m [37m<-- POST /wd/hub/session/f2ef7e47-f85e-4068-b23e-61c9a39fa5ce/execute/sync [39m[32m200[39m [90m81 ms - 56[39m
[35m[HTTP][39m [90m[39m
[35m[HTTP][39m [37m-->[39m [37mPOST[39m [37m/wd/hub/session/f2ef7e47-f85e-4068-b23e-61c9a39fa5ce/appium/device/activate_app[39m
[35m[HTTP][39m [90m{"bundleId":"com.google.android.deskclock"}[39m
[35m[HTTP][39m [37m<-- POST /wd/hub/session/f2ef7e47-f85e-4068-b23e-61c9a39fa5ce/appium/device/activate_app [39m[32m200[39m [90m843 ms - 14[39m
[35m[HTTP][39m [90m[39m
[35m[HTTP][39m [37m-->[39m [37mGET[39m [37m/wd/hub/session/f2ef7e47-f85e-4068-b23e-61c9a39fa5ce/source[39m
[35m[HTTP][39m [90m{}[39m
[35m[W3C (f2ef7e47)][39m Driver proxy active, passing request on via HTTP proxy
[35m[WD Proxy][39m Replacing sessionId c9a890c6-d0a5-4577-998e-63cb3fb71b92 with f2ef7e47-f85e-4068-b23e-61c9a39fa5ce
[35m[HTTP][39m [37m<-- GET /wd/hub/session/f2ef7e47-f85e-4068-b23e-61c9a39fa5ce/source [39m[32m200[39m [90m2194 ms - 41227[39m
[35m[HTTP][39m [90m[39m
[35m[HTTP][39m [37m-->[39m [37mGET[39m [37m/wd/hub/session/f2ef7e47-f85e-4068-b23e-61c9a39fa5ce/screenshot[39m
[35m[HTTP][39m [90m{}[39m
[35m[HTTP][39m [37m<-- GET /wd/hub/session/f2ef7e47-f85e-4068-b23e-61c9a39fa5ce/screenshot [39m[32m200[39m [90m942 ms - 232482[39m
[35m[HTTP][39m [90m[39m
[35m[HTTP][39m [37m-->[39m [37mGET[39m [37m/wd/hub/session/f2ef7e47-f85e-4068-b23e-61c9a39fa5ce/source[39m
[35m[HTTP][39m [90m{}[39m
[35m[W3C (f2ef7e47)][39m Driver proxy active, passing request on via HTTP proxy
[35m[WD Proxy][39m Replacing sessionId c9a890c6-d0a5-4577-998e-63cb3fb71b92 with f2ef7e47-f85e-4068-b23e-61c9a39fa5ce
[35m[HTTP][39m [37m<-- GET /wd/hub/session/f2ef7e47-f85e-4068-b23e-61c9a39fa5ce/source [39m[32m200[39m [90m1436 ms - 41049[39m
[35m[HTTP][39m [90m[39m
[35m[HTTP][39m [37m-->[39m [37mGET[39m [37m/wd/hub/session/f2ef7e47-f85e-4068-b23e-61c9a39fa5ce/screenshot[39m
[35m[HTTP][39m [90m{}[39m
[35m[HTTP][39m [37m<-- GET /wd/hub/session/f2ef7e47-f85e-4068-b23e-61c9a39fa5ce/screenshot [39m[32m200[39m [90m1073 ms - 206336[39m
[35m[HTTP][39m [90m[39m
[35m[HTTP][39m [37m-->[39m [37mGET[39m [37m/wd/hub/session/f2ef7e47-f85e-4068-b23e-61c9a39fa5ce/source[39m
[35m[HTTP][39m [90m{}[39m
[35m[W3C (f2ef7e47)][39m Driver proxy active, passing request on via HTTP proxy
[35m[WD Proxy][39m Replacing sessionId c9a890c6-d0a5-4577-998e-63cb3fb71b92 with f2ef7e47-f85e-4068-b23e-61c9a39fa5ce
[35m[HTTP][39m [37m<-- GET /wd/hub/session/f2ef7e47-f85e-4068-b23e-61c9a39fa5ce/source [39m[32m200[39m [90m304 ms - 41049[39m
[35m[HTTP][39m [90m[39m
[35m[HTTP][39m [37m-->[39m [37mGET[39m [37m/wd/hub/session/f2ef7e47-f85e-4068-b23e-61c9a39fa5ce/screenshot[39m
[35m[HTTP][39m [90m{}[39m
[35m[HTTP][39m [37m<-- GET /wd/hub/session/f2ef7e47-f85e-4068-b23e-61c9a39fa5ce/screenshot [39m[32m200[39m [90m801 ms - 206310[39m
[35m[HTTP][39m [90m[39m
[35m[BaseDriver][39m Shutting down because we waited 1800 seconds for a command
[35m[Appium][39m Closing session, cause was 'New Command Timeout of 1800 seconds expired. Try customizing the timeout using the 'newCommandTimeout' desired capability'
[35m[Appium][39m Removing session 'f2ef7e47-f85e-4068-b23e-61c9a39fa5ce' from our master session list
[35m[UiAutomator2][39m Restoring hidden api policy to the device default configuration
[35m[HTTP][39m [37m-->[39m [37mDELETE[39m [37m/wd/hub/session/f2ef7e47-f85e-4068-b23e-61c9a39fa5ce[39m
[35m[HTTP][39m [90m{}[39m
[35m[HTTP][39m [37m<-- DELETE /wd/hub/session/f2ef7e47-f85e-4068-b23e-61c9a39fa5ce [39m[33m404[39m [90m36 ms - 2380[39m
[35m[HTTP][39m [90m[39m
